<?xml version="1.0" encoding="UTF-8"?>
<testng-results ignored="0" total="1" passed="1" failed="0" skipped="0">
  <reporter-output>
  </reporter-output>
  <suite started-at="2024-05-15T11:51:21 IST" name="Default suite" finished-at="2024-05-15T11:51:24 IST" duration-ms="2997">
    <groups>
    </groups>
    <test started-at="2024-05-15T11:51:21 IST" name="Default test" finished-at="2024-05-15T11:51:24 IST" duration-ms="2997">
      <class name="Application">
        <test-method signature="launch()[pri:1, instance:Application@14028087]" started-at="2024-05-15T11:51:21 IST" name="launch" description="Firt test case" finished-at="2024-05-15T11:51:24 IST" duration-ms="2948" status="PASS">
          <reporter-output>
          </reporter-output>
        </test-method> <!-- launch -->
      </class> <!-- Application -->
    </test> <!-- Default test -->
  </suite> <!-- Default suite -->
</testng-results>
